!SESSION 2020-12-04 13:06:44.011 -----------------------------------------------
eclipse.buildId=unknown
java.version=1.8.0_265
java.vendor=Azul Systems, Inc.
BootLoader constants: OS=linux, ARCH=x86_64, WS=gtk, NL=en_US

!ENTRY org.apache.felix.configadmin 4 0 2020-12-04 13:06:44.012
!MESSAGE FrameworkEvent ERROR
!STACK 0
java.io.IOException: Exception in opening zip file: /openhab/userdata/cache/org.eclipse.osgi/9/0/bundleFile
	at org.eclipse.osgi.framework.util.SecureAction.getZipFile(SecureAction.java:321)
	at org.eclipse.osgi.storage.bundlefile.ZipBundleFile.basicOpen(ZipBundleFile.java:93)
	at org.eclipse.osgi.storage.bundlefile.ZipBundleFile.getZipFile(ZipBundleFile.java:106)
	at org.eclipse.osgi.storage.bundlefile.ZipBundleFile.checkedOpen(ZipBundleFile.java:65)
	at org.eclipse.osgi.storage.bundlefile.ZipBundleFile.getEntry(ZipBundleFile.java:240)
	at org.eclipse.osgi.internal.loader.classpath.ClasspathManager.findClassImpl(ClasspathManager.java:560)
	at org.eclipse.osgi.internal.loader.classpath.ClasspathManager.findLocalClassImpl(ClasspathManager.java:538)
	at org.eclipse.osgi.internal.loader.classpath.ClasspathManager.findLocalClass(ClasspathManager.java:525)
	at org.eclipse.osgi.internal.loader.ModuleClassLoader.findLocalClass(ModuleClassLoader.java:328)
	at org.eclipse.osgi.internal.loader.BundleLoader.findLocalClass(BundleLoader.java:368)
	at org.eclipse.osgi.internal.loader.BundleLoader.findClassInternal(BundleLoader.java:446)
	at org.eclipse.osgi.internal.loader.BundleLoader.findClass(BundleLoader.java:395)
	at org.eclipse.osgi.internal.loader.BundleLoader.findClass(BundleLoader.java:387)
	at org.eclipse.osgi.internal.loader.ModuleClassLoader.loadClass(ModuleClassLoader.java:150)
	at java.lang.ClassLoader.loadClass(ClassLoader.java:352)
	at org.apache.felix.cm.impl.ConfigurationManager.fireConfigurationEvent(ConfigurationManager.java:639)
	at org.apache.felix.cm.impl.ConfigurationManager.deleted(ConfigurationManager.java:587)
	at org.apache.felix.cm.impl.ConfigurationImpl.delete(ConfigurationImpl.java:276)
	at org.apache.felix.cm.impl.ConfigurationAdapter.delete(ConfigurationAdapter.java:184)
	at org.apache.felix.fileinstall.internal.ConfigInstaller.deleteConfig(ConfigInstaller.java:330)
	at org.apache.felix.fileinstall.internal.ConfigInstaller.uninstall(ConfigInstaller.java:109)
	at org.apache.felix.fileinstall.internal.DirectoryWatcher.uninstall(DirectoryWatcher.java:1078)
	at org.apache.felix.fileinstall.internal.DirectoryWatcher.uninstall(DirectoryWatcher.java:901)
	at org.apache.felix.fileinstall.internal.DirectoryWatcher.doProcess(DirectoryWatcher.java:487)
	at org.apache.felix.fileinstall.internal.DirectoryWatcher.process(DirectoryWatcher.java:365)
	at org.apache.felix.fileinstall.internal.DirectoryWatcher.run(DirectoryWatcher.java:316)
Caused by: java.io.FileNotFoundException: /openhab/userdata/cache/org.eclipse.osgi/9/0/bundleFile (No such file or directory)
	at java.util.zip.ZipFile.open(Native Method)
	at java.util.zip.ZipFile.<init>(ZipFile.java:230)
	at java.util.zip.ZipFile.<init>(ZipFile.java:160)
	at java.util.zip.ZipFile.<init>(ZipFile.java:174)
	at org.eclipse.osgi.framework.util.SecureAction.getZipFile(SecureAction.java:304)
	... 25 more

!ENTRY org.ops4j.pax.logging.pax-logging-log4j2 4 0 2020-12-04 13:06:44.045
!MESSAGE FrameworkEvent ERROR
!STACK 0
java.io.IOException: Exception in opening zip file: /openhab/userdata/cache/org.eclipse.osgi/7/0/bundleFile
	at org.eclipse.osgi.framework.util.SecureAction.getZipFile(SecureAction.java:321)
	at org.eclipse.osgi.storage.bundlefile.ZipBundleFile.basicOpen(ZipBundleFile.java:93)
	at org.eclipse.osgi.storage.bundlefile.ZipBundleFile.getZipFile(ZipBundleFile.java:106)
	at org.eclipse.osgi.storage.bundlefile.ZipBundleFile.checkedOpen(ZipBundleFile.java:65)
	at org.eclipse.osgi.storage.bundlefile.ZipBundleFile.getEntry(ZipBundleFile.java:240)
	at org.eclipse.osgi.internal.loader.classpath.ClasspathManager.findClassImpl(ClasspathManager.java:560)
	at org.eclipse.osgi.internal.loader.classpath.ClasspathManager.findLocalClassImpl(ClasspathManager.java:538)
	at org.eclipse.osgi.internal.loader.classpath.ClasspathManager.findLocalClass(ClasspathManager.java:525)
	at org.eclipse.osgi.internal.loader.ModuleClassLoader.findLocalClass(ModuleClassLoader.java:328)
	at org.eclipse.osgi.internal.loader.BundleLoader.findLocalClass(BundleLoader.java:368)
	at org.eclipse.osgi.internal.loader.BundleLoader.findClassInternal(BundleLoader.java:446)
	at org.eclipse.osgi.internal.loader.BundleLoader.findClass(BundleLoader.java:395)
	at org.eclipse.osgi.internal.loader.BundleLoader.findClass(BundleLoader.java:387)
	at org.eclipse.osgi.internal.loader.ModuleClassLoader.loadClass(ModuleClassLoader.java:150)
	at java.lang.ClassLoader.loadClass(ClassLoader.java:352)
	at org.apache.logging.log4j.core.impl.Log4jLogEvent.getThrownProxy(Log4jLogEvent.java:629)
	at org.ops4j.pax.logging.log4j2.internal.spi.PaxLoggingEventImpl.getThrowableStrRep(PaxLoggingEventImpl.java:77)
	at org.apache.karaf.log.core.internal.KarafLogEvent.<init>(KarafLogEvent.java:45)
	at org.apache.karaf.log.core.internal.LogServiceImpl.doAppend(LogServiceImpl.java:177)
	at org.ops4j.pax.logging.spi.support.PaxAppenderProxy.doAppend(PaxAppenderProxy.java:69)
	at org.ops4j.pax.logging.log4j2.internal.bridges.PaxOsgiAppender.append(PaxOsgiAppender.java:100)
	at org.apache.logging.log4j.core.config.AppenderControl.tryCallAppender(AppenderControl.java:156)
	at org.apache.logging.log4j.core.config.AppenderControl.callAppender0(AppenderControl.java:129)
	at org.apache.logging.log4j.core.config.AppenderControl.callAppenderPreventRecursion(AppenderControl.java:120)
	at org.apache.logging.log4j.core.config.AppenderControl.callAppender(AppenderControl.java:84)
	at org.apache.logging.log4j.core.config.LoggerConfig.callAppenders(LoggerConfig.java:543)
	at org.apache.logging.log4j.core.config.LoggerConfig.processLogEvent(LoggerConfig.java:502)
	at org.apache.logging.log4j.core.config.LoggerConfig.log(LoggerConfig.java:485)
	at org.apache.logging.log4j.core.config.LoggerConfig.log(LoggerConfig.java:412)
	at org.apache.logging.log4j.core.config.AwaitCompletionReliabilityStrategy.log(AwaitCompletionReliabilityStrategy.java:63)
	at org.apache.logging.log4j.core.Logger.logMessage(Logger.java:154)
	at org.ops4j.pax.logging.log4j2.internal.PaxLoggerImpl.doLog0(PaxLoggerImpl.java:354)
	at org.ops4j.pax.logging.log4j2.internal.PaxLoggerImpl.doLog(PaxLoggerImpl.java:337)
	at org.ops4j.pax.logging.log4j2.internal.PaxLoggerImpl.error(PaxLoggerImpl.java:163)
	at org.ops4j.pax.logging.log4j2.internal.PaxLoggingServiceImpl.logImpl(PaxLoggingServiceImpl.java:296)
	at org.ops4j.pax.logging.log4j2.internal.PaxLoggingServiceImpl.access$000(PaxLoggingServiceImpl.java:65)
	at org.ops4j.pax.logging.log4j2.internal.PaxLoggingServiceImpl$1ManagedPaxLoggingService.log(PaxLoggingServiceImpl.java:541)
	at org.apache.felix.fileinstall.internal.Util$OsgiLogger.log(Util.java:205)
	at org.apache.felix.fileinstall.internal.Util.log(Util.java:87)
	at org.apache.felix.fileinstall.internal.DirectoryWatcher.log(DirectoryWatcher.java:672)
	at org.apache.felix.fileinstall.internal.DirectoryWatcher.run(DirectoryWatcher.java:332)
Caused by: java.io.FileNotFoundException: /openhab/userdata/cache/org.eclipse.osgi/7/0/bundleFile (No such file or directory)
	at java.util.zip.ZipFile.open(Native Method)
	at java.util.zip.ZipFile.<init>(ZipFile.java:230)
	at java.util.zip.ZipFile.<init>(ZipFile.java:160)
	at java.util.zip.ZipFile.<init>(ZipFile.java:174)
	at org.eclipse.osgi.framework.util.SecureAction.getZipFile(SecureAction.java:304)
	... 40 more
