2020-12-02 10:59:15.004 [thome.event.ExtensionEvent] - Extension 'package-standard' has been installed.
2020-12-02 10:59:58.987 [thome.event.ExtensionEvent] - Extension 'ui-homebuilder' has been installed.
2020-12-02 10:59:58.991 [thome.event.ExtensionEvent] - Extension 'ui-basic' has been installed.
2020-12-02 10:59:58.996 [thome.event.ExtensionEvent] - Extension 'ui-habpanel' has been installed.
2020-12-02 10:59:59.013 [thome.event.ExtensionEvent] - Extension 'ui-paper' has been installed.
2020-12-02 11:10:05.176 [ome.event.ItemCommandEvent] - Item 'DeckenlampeSZ' received command ON
2020-12-02 11:10:05.200 [vent.ItemStateChangedEvent] - DeckenlampeSZ changed from NULL to ON
2020-12-02 11:10:05.756 [ome.event.ItemCommandEvent] - Item 'DeckenlampeSZ' received command OFF
2020-12-02 11:10:05.765 [vent.ItemStateChangedEvent] - DeckenlampeSZ changed from ON to OFF
2020-12-02 11:10:06.466 [ome.event.ItemCommandEvent] - Item 'DeckenlampeSZ' received command ON
2020-12-02 11:10:06.471 [vent.ItemStateChangedEvent] - DeckenlampeSZ changed from OFF to ON
2020-12-02 11:10:07.557 [ome.event.ItemCommandEvent] - Item 'DeckenlampeSZ' received command OFF
2020-12-02 11:10:07.562 [vent.ItemStateChangedEvent] - DeckenlampeSZ changed from ON to OFF
2020-12-02 11:10:08.118 [ome.event.ItemCommandEvent] - Item 'DeckenlampeSZ' received command ON
2020-12-02 11:10:08.125 [vent.ItemStateChangedEvent] - DeckenlampeSZ changed from OFF to ON
2020-12-02 11:10:09.243 [ome.event.ItemCommandEvent] - Item 'DeckenlampeSZ' received command OFF
2020-12-02 11:10:09.247 [vent.ItemStateChangedEvent] - DeckenlampeSZ changed from ON to OFF
2020-12-02 11:10:09.638 [ome.event.ItemCommandEvent] - Item 'DeckenlampeSZ' received command ON
2020-12-02 11:10:09.641 [vent.ItemStateChangedEvent] - DeckenlampeSZ changed from OFF to ON
2020-12-02 11:10:09.997 [ome.event.ItemCommandEvent] - Item 'DeckenlampeSZ' received command OFF
2020-12-02 11:10:10.003 [vent.ItemStateChangedEvent] - DeckenlampeSZ changed from ON to OFF
2020-12-02 11:10:10.347 [ome.event.ItemCommandEvent] - Item 'DeckenlampeSZ' received command ON
2020-12-02 11:10:10.352 [vent.ItemStateChangedEvent] - DeckenlampeSZ changed from OFF to ON
2020-12-02 11:10:12.236 [ome.event.ItemCommandEvent] - Item 'DeckenlampeSZ' received command OFF
2020-12-02 11:10:12.240 [vent.ItemStateChangedEvent] - DeckenlampeSZ changed from ON to OFF
2020-12-02 11:10:31.563 [ome.event.ItemCommandEvent] - Item 'DeckenlampeSZ' received command ON
2020-12-02 11:10:31.566 [vent.ItemStateChangedEvent] - DeckenlampeSZ changed from OFF to ON
2020-12-02 11:10:32.544 [ome.event.ItemCommandEvent] - Item 'DeckenlampeSZ' received command OFF
2020-12-02 11:10:32.548 [vent.ItemStateChangedEvent] - DeckenlampeSZ changed from ON to OFF
2020-12-02 11:10:36.535 [ome.event.ItemCommandEvent] - Item 'DeckenlampeSZ' received command ON
2020-12-02 11:10:36.542 [vent.ItemStateChangedEvent] - DeckenlampeSZ changed from OFF to ON
2020-12-02 11:10:37.683 [ome.event.ItemCommandEvent] - Item 'DeckenlampeSZ' received command OFF
2020-12-02 11:10:37.687 [vent.ItemStateChangedEvent] - DeckenlampeSZ changed from ON to OFF
2020-12-02 11:10:38.324 [ome.event.ItemCommandEvent] - Item 'DeckenlampeSZ' received command ON
2020-12-02 11:10:38.328 [vent.ItemStateChangedEvent] - DeckenlampeSZ changed from OFF to ON
2020-12-02 11:10:38.700 [ome.event.ItemCommandEvent] - Item 'DeckenlampeSZ' received command OFF
2020-12-02 11:10:38.708 [vent.ItemStateChangedEvent] - DeckenlampeSZ changed from ON to OFF
2020-12-02 11:10:39.043 [ome.event.ItemCommandEvent] - Item 'DeckenlampeSZ' received command ON
2020-12-02 11:10:39.047 [vent.ItemStateChangedEvent] - DeckenlampeSZ changed from OFF to ON
2020-12-02 11:10:39.246 [ome.event.ItemCommandEvent] - Item 'DeckenlampeSZ' received command OFF
2020-12-02 11:10:39.249 [vent.ItemStateChangedEvent] - DeckenlampeSZ changed from ON to OFF
2020-12-02 11:10:39.403 [ome.event.ItemCommandEvent] - Item 'DeckenlampeSZ' received command ON
2020-12-02 11:10:39.411 [vent.ItemStateChangedEvent] - DeckenlampeSZ changed from OFF to ON
2020-12-02 11:10:39.573 [ome.event.ItemCommandEvent] - Item 'DeckenlampeSZ' received command OFF
2020-12-02 11:10:39.578 [vent.ItemStateChangedEvent] - DeckenlampeSZ changed from ON to OFF
2020-12-02 11:10:39.728 [ome.event.ItemCommandEvent] - Item 'DeckenlampeSZ' received command ON
2020-12-02 11:10:39.732 [vent.ItemStateChangedEvent] - DeckenlampeSZ changed from OFF to ON
2020-12-02 11:10:39.887 [ome.event.ItemCommandEvent] - Item 'DeckenlampeSZ' received command OFF
2020-12-02 11:10:39.899 [vent.ItemStateChangedEvent] - DeckenlampeSZ changed from ON to OFF
2020-12-02 11:10:40.032 [ome.event.ItemCommandEvent] - Item 'DeckenlampeSZ' received command ON
2020-12-02 11:10:40.035 [vent.ItemStateChangedEvent] - DeckenlampeSZ changed from OFF to ON
2020-12-02 11:10:40.226 [ome.event.ItemCommandEvent] - Item 'DeckenlampeSZ' received command OFF
2020-12-02 11:10:40.230 [vent.ItemStateChangedEvent] - DeckenlampeSZ changed from ON to OFF
2020-12-02 11:10:40.361 [ome.event.ItemCommandEvent] - Item 'DeckenlampeSZ' received command ON
2020-12-02 11:10:40.365 [vent.ItemStateChangedEvent] - DeckenlampeSZ changed from OFF to ON
2020-12-02 11:10:40.542 [ome.event.ItemCommandEvent] - Item 'DeckenlampeSZ' received command OFF
2020-12-02 11:10:40.546 [vent.ItemStateChangedEvent] - DeckenlampeSZ changed from ON to OFF
2020-12-02 11:10:42.498 [ome.event.ItemCommandEvent] - Item 'DeckenlampeSZ' received command ON
2020-12-02 11:10:42.515 [vent.ItemStateChangedEvent] - DeckenlampeSZ changed from OFF to ON
2020-12-02 11:10:42.839 [ome.event.ItemCommandEvent] - Item 'DeckenlampeSZ' received command OFF
2020-12-02 11:10:42.845 [vent.ItemStateChangedEvent] - DeckenlampeSZ changed from ON to OFF
2020-12-02 11:10:43.241 [ome.event.ItemCommandEvent] - Item 'DeckenlampeSZ' received command ON
2020-12-02 11:10:43.245 [vent.ItemStateChangedEvent] - DeckenlampeSZ changed from OFF to ON
2020-12-02 11:10:43.464 [ome.event.ItemCommandEvent] - Item 'DeckenlampeSZ' received command OFF
2020-12-02 11:10:43.471 [vent.ItemStateChangedEvent] - DeckenlampeSZ changed from ON to OFF
2020-12-02 11:10:43.670 [ome.event.ItemCommandEvent] - Item 'DeckenlampeSZ' received command ON
2020-12-02 11:10:43.674 [vent.ItemStateChangedEvent] - DeckenlampeSZ changed from OFF to ON
2020-12-02 11:10:43.873 [ome.event.ItemCommandEvent] - Item 'DeckenlampeSZ' received command OFF
2020-12-02 11:10:43.877 [vent.ItemStateChangedEvent] - DeckenlampeSZ changed from ON to OFF
2020-12-02 11:10:44.051 [ome.event.ItemCommandEvent] - Item 'DeckenlampeSZ' received command ON
2020-12-02 11:10:44.055 [vent.ItemStateChangedEvent] - DeckenlampeSZ changed from OFF to ON
2020-12-02 11:10:44.242 [ome.event.ItemCommandEvent] - Item 'DeckenlampeSZ' received command OFF
2020-12-02 11:10:44.248 [vent.ItemStateChangedEvent] - DeckenlampeSZ changed from ON to OFF
2020-12-02 11:12:32.259 [ome.event.ItemCommandEvent] - Item 'HeizungSZ' received command 22
2020-12-02 11:12:32.266 [vent.ItemStateChangedEvent] - HeizungSZ changed from NULL to 22
2020-12-02 11:13:11.620 [ome.event.ItemCommandEvent] - Item 'HeizungSZ' received command 27
2020-12-02 11:13:11.627 [vent.ItemStateChangedEvent] - HeizungSZ changed from 22 to 27
2020-12-02 11:13:19.694 [ome.event.ItemCommandEvent] - Item 'HeizungSZ' received command 14
2020-12-02 11:13:19.701 [vent.ItemStateChangedEvent] - HeizungSZ changed from 27 to 14
2020-12-02 11:15:01.347 [ome.event.ItemCommandEvent] - Item 'HeizungSZ' received command 29
2020-12-02 11:15:01.354 [vent.ItemStateChangedEvent] - HeizungSZ changed from 14 to 29
2020-12-02 11:15:09.622 [ome.event.ItemCommandEvent] - Item 'HeizungSZ' received command 21
2020-12-02 11:15:09.625 [vent.ItemStateChangedEvent] - HeizungSZ changed from 29 to 21
2020-12-02 11:15:10.079 [ome.event.ItemCommandEvent] - Item 'DeckenlampeSZ' received command ON
2020-12-02 11:15:10.083 [vent.ItemStateChangedEvent] - DeckenlampeSZ changed from OFF to ON
2020-12-02 11:15:10.481 [ome.event.ItemCommandEvent] - Item 'DeckenlampeSZ' received command OFF
2020-12-02 11:15:10.484 [vent.ItemStateChangedEvent] - DeckenlampeSZ changed from ON to OFF
2020-12-02 11:15:10.933 [ome.event.ItemCommandEvent] - Item 'DeckenlampeSZ' received command ON
2020-12-02 11:15:10.936 [vent.ItemStateChangedEvent] - DeckenlampeSZ changed from OFF to ON
2020-12-02 11:15:11.183 [ome.event.ItemCommandEvent] - Item 'DeckenlampeSZ' received command OFF
2020-12-02 11:15:11.190 [vent.ItemStateChangedEvent] - DeckenlampeSZ changed from ON to OFF
2020-12-02 11:15:11.382 [ome.event.ItemCommandEvent] - Item 'DeckenlampeSZ' received command ON
2020-12-02 11:15:11.386 [vent.ItemStateChangedEvent] - DeckenlampeSZ changed from OFF to ON
2020-12-02 11:15:11.551 [ome.event.ItemCommandEvent] - Item 'DeckenlampeSZ' received command OFF
2020-12-02 11:15:11.557 [vent.ItemStateChangedEvent] - DeckenlampeSZ changed from ON to OFF
2020-12-02 11:15:11.733 [ome.event.ItemCommandEvent] - Item 'DeckenlampeSZ' received command ON
2020-12-02 11:15:11.740 [vent.ItemStateChangedEvent] - DeckenlampeSZ changed from OFF to ON
2020-12-02 11:15:11.922 [ome.event.ItemCommandEvent] - Item 'DeckenlampeSZ' received command OFF
2020-12-02 11:15:11.928 [vent.ItemStateChangedEvent] - DeckenlampeSZ changed from ON to OFF
2020-12-02 11:15:12.114 [ome.event.ItemCommandEvent] - Item 'DeckenlampeSZ' received command ON
2020-12-02 11:15:12.118 [vent.ItemStateChangedEvent] - DeckenlampeSZ changed from OFF to ON
2020-12-02 11:15:12.304 [ome.event.ItemCommandEvent] - Item 'DeckenlampeSZ' received command OFF
2020-12-02 11:15:12.308 [vent.ItemStateChangedEvent] - DeckenlampeSZ changed from ON to OFF
2020-12-02 11:15:12.497 [ome.event.ItemCommandEvent] - Item 'DeckenlampeSZ' received command ON
2020-12-02 11:15:12.505 [vent.ItemStateChangedEvent] - DeckenlampeSZ changed from OFF to ON
2020-12-02 11:15:12.703 [ome.event.ItemCommandEvent] - Item 'DeckenlampeSZ' received command OFF
2020-12-02 11:15:12.708 [vent.ItemStateChangedEvent] - DeckenlampeSZ changed from ON to OFF
2020-12-02 11:15:12.989 [ome.event.ItemCommandEvent] - Item 'DeckenlampeSZ' received command ON
2020-12-02 11:15:12.993 [vent.ItemStateChangedEvent] - DeckenlampeSZ changed from OFF to ON
2020-12-02 11:15:13.418 [ome.event.ItemCommandEvent] - Item 'DeckenlampeSZ' received command OFF
2020-12-02 11:15:13.421 [vent.ItemStateChangedEvent] - DeckenlampeSZ changed from ON to OFF
2020-12-02 11:15:20.567 [ome.event.ItemCommandEvent] - Item 'HeizungSZ' received command 29
2020-12-02 11:15:20.570 [vent.ItemStateChangedEvent] - HeizungSZ changed from 21 to 29
2020-12-02 11:15:22.351 [ome.event.ItemCommandEvent] - Item 'HeizungSZ' received command 34
2020-12-02 11:15:22.356 [vent.ItemStateChangedEvent] - HeizungSZ changed from 29 to 34
2020-12-02 11:15:22.948 [ome.event.ItemCommandEvent] - Item 'HeizungSZ' received command 16
2020-12-02 11:15:22.952 [vent.ItemStateChangedEvent] - HeizungSZ changed from 34 to 16
2020-12-02 11:15:23.464 [ome.event.ItemCommandEvent] - Item 'HeizungSZ' received command 9
2020-12-02 11:15:23.468 [vent.ItemStateChangedEvent] - HeizungSZ changed from 16 to 9
2020-12-02 11:15:23.981 [ome.event.ItemCommandEvent] - Item 'HeizungSZ' received command 50
2020-12-02 11:15:23.985 [vent.ItemStateChangedEvent] - HeizungSZ changed from 9 to 50
2020-12-02 11:15:25.423 [ome.event.ItemCommandEvent] - Item 'HeizungSZ' received command 29
2020-12-02 11:15:25.428 [vent.ItemStateChangedEvent] - HeizungSZ changed from 50 to 29
2020-12-02 11:15:26.975 [ome.event.ItemCommandEvent] - Item 'HeizungSZ' received command 12
2020-12-02 11:15:26.979 [vent.ItemStateChangedEvent] - HeizungSZ changed from 29 to 12
2020-12-02 11:17:42.419 [ome.event.ItemCommandEvent] - Item 'HeizungSZ' received command 32
2020-12-02 11:17:42.431 [vent.ItemStateChangedEvent] - HeizungSZ changed from 12 to 32
2020-12-02 11:17:43.011 [ome.event.ItemCommandEvent] - Item 'HeizungSZ' received command 15
2020-12-02 11:17:43.017 [vent.ItemStateChangedEvent] - HeizungSZ changed from 32 to 15
2020-12-02 11:17:43.653 [ome.event.ItemCommandEvent] - Item 'HeizungSZ' received command 44
2020-12-02 11:17:43.658 [vent.ItemStateChangedEvent] - HeizungSZ changed from 15 to 44
2020-12-02 11:17:44.148 [ome.event.ItemCommandEvent] - Item 'HeizungSZ' received command 29
2020-12-02 11:17:44.152 [vent.ItemStateChangedEvent] - HeizungSZ changed from 44 to 29
2020-12-02 11:17:56.974 [ome.event.ItemCommandEvent] - Item 'HeizungSZ' received command 28
2020-12-02 11:17:56.987 [vent.ItemStateChangedEvent] - HeizungSZ changed from 29 to 28
2020-12-02 11:34:59.472 [ome.event.ItemCommandEvent] - Item 'HeizungSZ' received command 28
2020-12-02 11:58:07.976 [ome.event.ItemCommandEvent] - Item 'HeizungWZ' received command 11
2020-12-02 11:58:07.981 [vent.ItemStateChangedEvent] - HeizungWZ changed from NULL to 11
2020-12-02 11:58:08.872 [ome.event.ItemCommandEvent] - Item 'HeizungWZ' received command 15
2020-12-02 11:58:08.876 [vent.ItemStateChangedEvent] - HeizungWZ changed from 11 to 15
2020-12-02 11:58:09.580 [ome.event.ItemCommandEvent] - Item 'HeizungWZ' received command 14
2020-12-02 11:58:09.585 [vent.ItemStateChangedEvent] - HeizungWZ changed from 15 to 14
2020-12-02 11:58:12.396 [ome.event.ItemCommandEvent] - Item 'HeizungSZ' received command 20
2020-12-02 11:58:12.399 [vent.ItemStateChangedEvent] - HeizungSZ changed from 28 to 20
2020-12-02 11:58:14.026 [ome.event.ItemCommandEvent] - Item 'HeizungWZ' received command 19
2020-12-02 11:58:14.030 [vent.ItemStateChangedEvent] - HeizungWZ changed from 14 to 19
2020-12-02 12:31:06.906 [ome.event.ItemCommandEvent] - Item 'HeizungSZ' received command 15
2020-12-02 12:31:06.915 [vent.ItemStateChangedEvent] - HeizungSZ changed from NULL to 15
2020-12-02 12:31:08.219 [ome.event.ItemCommandEvent] - Item 'HeizungWZ' received command 13
2020-12-02 12:31:08.237 [vent.ItemStateChangedEvent] - HeizungWZ changed from NULL to 13
2020-12-04 10:54:16.002 [ome.event.ItemCommandEvent] - Item 'FernseherWZ' received command ON
2020-12-04 10:54:16.099 [vent.ItemStateChangedEvent] - FernseherWZ changed from NULL to ON
2020-12-04 10:54:16.794 [ome.event.ItemCommandEvent] - Item 'FernseherWZ' received command OFF
2020-12-04 10:54:16.798 [vent.ItemStateChangedEvent] - FernseherWZ changed from ON to OFF
