2020-12-02 10:58:56.433 [INFO ] [.dashboard.internal.DashboardService] - Started Dashboard at http://172.23.0.2:8080
2020-12-02 10:58:56.483 [INFO ] [.dashboard.internal.DashboardService] - Started Dashboard at https://172.23.0.2:8443
2020-12-02 10:58:57.791 [INFO ] [thome.model.lsp.internal.ModelServer] - Started Language Server Protocol (LSP) service on port 5007
2020-12-02 10:59:54.768 [INFO ] [panel.internal.HABPanelDashboardTile] - Started HABPanel at /habpanel
2020-12-02 10:59:55.601 [INFO ] [ebuilder.internal.HomeBuilderServlet] - Started Home Builder at /homebuilder
2020-12-02 10:59:55.196 [WARN ] [org.eclipse.jetty.server.HttpChannel] - /rest/services/org.eclipse.smarthome.i18n/config
javax.servlet.ServletException: javax.servlet.ServletException: A MultiException has 1 exceptions.  They are:
1. java.lang.IllegalStateException: ServiceLocatorImpl(__HK2_Generated_1,2,383846624) has been shut down

	at org.ops4j.pax.web.service.jetty.internal.JettyServerHandlerCollection.handle(JettyServerHandlerCollection.java:88) ~[bundleFile:?]
	at org.eclipse.jetty.server.handler.HandlerWrapper.handle(HandlerWrapper.java:127) ~[bundleFile:9.4.20.v20190813]
	at org.eclipse.jetty.server.Server.handle(Server.java:494) ~[bundleFile:9.4.20.v20190813]
	at org.eclipse.jetty.server.HttpChannel.handle(HttpChannel.java:374) [bundleFile:9.4.20.v20190813]
	at org.eclipse.jetty.server.HttpConnection.onFillable(HttpConnection.java:268) [bundleFile:9.4.20.v20190813]
	at org.eclipse.jetty.io.AbstractConnection$ReadCallback.succeeded(AbstractConnection.java:311) [bundleFile:9.4.20.v20190813]
	at org.eclipse.jetty.io.FillInterest.fillable(FillInterest.java:103) [bundleFile:9.4.20.v20190813]
	at org.eclipse.jetty.io.ChannelEndPoint$2.run(ChannelEndPoint.java:117) [bundleFile:9.4.20.v20190813]
	at org.eclipse.jetty.util.thread.strategy.EatWhatYouKill.runTask(EatWhatYouKill.java:336) [bundleFile:9.4.20.v20190813]
	at org.eclipse.jetty.util.thread.strategy.EatWhatYouKill.doProduce(EatWhatYouKill.java:313) [bundleFile:9.4.20.v20190813]
	at org.eclipse.jetty.util.thread.strategy.EatWhatYouKill.tryProduce(EatWhatYouKill.java:171) [bundleFile:9.4.20.v20190813]
	at org.eclipse.jetty.util.thread.strategy.EatWhatYouKill.run(EatWhatYouKill.java:129) [bundleFile:9.4.20.v20190813]
	at org.eclipse.jetty.util.thread.ReservedThreadExecutor$ReservedThread.run(ReservedThreadExecutor.java:367) [bundleFile:9.4.20.v20190813]
	at org.eclipse.jetty.util.thread.QueuedThreadPool.runJob(QueuedThreadPool.java:782) [bundleFile:9.4.20.v20190813]
	at org.eclipse.jetty.util.thread.QueuedThreadPool$Runner.run(QueuedThreadPool.java:918) [bundleFile:9.4.20.v20190813]
	at java.lang.Thread.run(Thread.java:748) [?:1.8.0_265]
Caused by: javax.servlet.ServletException: A MultiException has 1 exceptions.  They are:
1. java.lang.IllegalStateException: ServiceLocatorImpl(__HK2_Generated_1,2,383846624) has been shut down

	at org.glassfish.jersey.servlet.WebComponent.serviceImpl(WebComponent.java:489) ~[?:?]
	at org.glassfish.jersey.servlet.WebComponent.service(WebComponent.java:427) ~[?:?]
	at org.glassfish.jersey.servlet.ServletContainer.service(ServletContainer.java:388) ~[?:?]
	at org.glassfish.jersey.servlet.ServletContainer.service(ServletContainer.java:341) ~[?:?]
	at org.glassfish.jersey.servlet.ServletContainer.service(ServletContainer.java:228) ~[?:?]
	at com.eclipsesource.jaxrs.publisher.internal.ServletContainerBridge.service(ServletContainerBridge.java:76) ~[?:?]
	at org.eclipse.jetty.servlet.ServletHolder.handle(ServletHolder.java:852) ~[bundleFile:9.4.20.v20190813]
	at org.eclipse.jetty.servlet.ServletHandler.doHandle(ServletHandler.java:544) ~[bundleFile:9.4.20.v20190813]
	at org.ops4j.pax.web.service.jetty.internal.HttpServiceServletHandler.doHandle(HttpServiceServletHandler.java:71) ~[bundleFile:?]
	at org.eclipse.jetty.server.handler.ScopedHandler.handle(ScopedHandler.java:143) ~[bundleFile:9.4.20.v20190813]
	at org.eclipse.jetty.security.SecurityHandler.handle(SecurityHandler.java:536) ~[bundleFile:9.4.20.v20190813]
	at org.eclipse.jetty.server.handler.HandlerWrapper.handle(HandlerWrapper.java:127) ~[bundleFile:9.4.20.v20190813]
	at org.eclipse.jetty.server.handler.ScopedHandler.nextHandle(ScopedHandler.java:235) ~[bundleFile:9.4.20.v20190813]
	at org.eclipse.jetty.server.session.SessionHandler.doHandle(SessionHandler.java:1581) ~[bundleFile:9.4.20.v20190813]
	at org.eclipse.jetty.server.handler.ScopedHandler.nextHandle(ScopedHandler.java:233) ~[bundleFile:9.4.20.v20190813]
	at org.eclipse.jetty.server.handler.ContextHandler.doHandle(ContextHandler.java:1307) ~[bundleFile:9.4.20.v20190813]
	at org.ops4j.pax.web.service.jetty.internal.HttpServiceContext.doHandle(HttpServiceContext.java:293) ~[bundleFile:?]
	at org.eclipse.jetty.server.handler.ScopedHandler.nextScope(ScopedHandler.java:188) ~[bundleFile:9.4.20.v20190813]
	at org.eclipse.jetty.servlet.ServletHandler.doScope(ServletHandler.java:482) ~[bundleFile:9.4.20.v20190813]
	at org.eclipse.jetty.server.session.SessionHandler.doScope(SessionHandler.java:1549) ~[bundleFile:9.4.20.v20190813]
	at org.eclipse.jetty.server.handler.ScopedHandler.nextScope(ScopedHandler.java:186) ~[bundleFile:9.4.20.v20190813]
	at org.eclipse.jetty.server.handler.ContextHandler.doScope(ContextHandler.java:1204) ~[bundleFile:9.4.20.v20190813]
	at org.eclipse.jetty.server.handler.ScopedHandler.handle(ScopedHandler.java:141) ~[bundleFile:9.4.20.v20190813]
	at org.ops4j.pax.web.service.jetty.internal.JettyServerHandlerCollection.handle(JettyServerHandlerCollection.java:80) ~[bundleFile:?]
	... 15 more
Caused by: org.glassfish.hk2.api.MultiException: A MultiException has 1 exceptions.  They are:
1. java.lang.IllegalStateException: ServiceLocatorImpl(__HK2_Generated_1,2,383846624) has been shut down

	at org.jvnet.hk2.internal.FactoryCreator.getFactoryHandle(FactoryCreator.java:106) ~[?:?]
	at org.jvnet.hk2.internal.FactoryCreator.dispose(FactoryCreator.java:173) ~[?:?]
	at org.jvnet.hk2.internal.SystemDescriptor.dispose(SystemDescriptor.java:526) ~[?:?]
	at org.glassfish.jersey.process.internal.RequestScope$Instance.remove(RequestScope.java:532) ~[?:?]
	at org.glassfish.jersey.process.internal.RequestScope$Instance.release(RequestScope.java:549) ~[?:?]
	at org.glassfish.jersey.process.internal.RequestScope.runInScope(RequestScope.java:319) ~[?:?]
	at org.glassfish.jersey.server.ServerRuntime.process(ServerRuntime.java:305) ~[?:?]
	at org.glassfish.jersey.server.ApplicationHandler.handle(ApplicationHandler.java:1154) ~[?:?]
	at org.glassfish.jersey.servlet.WebComponent.serviceImpl(WebComponent.java:473) ~[?:?]
	at org.glassfish.jersey.servlet.WebComponent.service(WebComponent.java:427) ~[?:?]
	at org.glassfish.jersey.servlet.ServletContainer.service(ServletContainer.java:388) ~[?:?]
	at org.glassfish.jersey.servlet.ServletContainer.service(ServletContainer.java:341) ~[?:?]
	at org.glassfish.jersey.servlet.ServletContainer.service(ServletContainer.java:228) ~[?:?]
	at com.eclipsesource.jaxrs.publisher.internal.ServletContainerBridge.service(ServletContainerBridge.java:76) ~[?:?]
	at org.eclipse.jetty.servlet.ServletHolder.handle(ServletHolder.java:852) ~[bundleFile:9.4.20.v20190813]
	at org.eclipse.jetty.servlet.ServletHandler.doHandle(ServletHandler.java:544) ~[bundleFile:9.4.20.v20190813]
	at org.ops4j.pax.web.service.jetty.internal.HttpServiceServletHandler.doHandle(HttpServiceServletHandler.java:71) ~[bundleFile:?]
	at org.eclipse.jetty.server.handler.ScopedHandler.handle(ScopedHandler.java:143) ~[bundleFile:9.4.20.v20190813]
	at org.eclipse.jetty.security.SecurityHandler.handle(SecurityHandler.java:536) ~[bundleFile:9.4.20.v20190813]
	at org.eclipse.jetty.server.handler.HandlerWrapper.handle(HandlerWrapper.java:127) ~[bundleFile:9.4.20.v20190813]
	at org.eclipse.jetty.server.handler.ScopedHandler.nextHandle(ScopedHandler.java:235) ~[bundleFile:9.4.20.v20190813]
	at org.eclipse.jetty.server.session.SessionHandler.doHandle(SessionHandler.java:1581) ~[bundleFile:9.4.20.v20190813]
	at org.eclipse.jetty.server.handler.ScopedHandler.nextHandle(ScopedHandler.java:233) ~[bundleFile:9.4.20.v20190813]
	at org.eclipse.jetty.server.handler.ContextHandler.doHandle(ContextHandler.java:1307) ~[bundleFile:9.4.20.v20190813]
	at org.ops4j.pax.web.service.jetty.internal.HttpServiceContext.doHandle(HttpServiceContext.java:293) ~[bundleFile:?]
	at org.eclipse.jetty.server.handler.ScopedHandler.nextScope(ScopedHandler.java:188) ~[bundleFile:9.4.20.v20190813]
	at org.eclipse.jetty.servlet.ServletHandler.doScope(ServletHandler.java:482) ~[bundleFile:9.4.20.v20190813]
	at org.eclipse.jetty.server.session.SessionHandler.doScope(SessionHandler.java:1549) ~[bundleFile:9.4.20.v20190813]
	at org.eclipse.jetty.server.handler.ScopedHandler.nextScope(ScopedHandler.java:186) ~[bundleFile:9.4.20.v20190813]
	at org.eclipse.jetty.server.handler.ContextHandler.doScope(ContextHandler.java:1204) ~[bundleFile:9.4.20.v20190813]
	at org.eclipse.jetty.server.handler.ScopedHandler.handle(ScopedHandler.java:141) ~[bundleFile:9.4.20.v20190813]
	at org.ops4j.pax.web.service.jetty.internal.JettyServerHandlerCollection.handle(JettyServerHandlerCollection.java:80) ~[bundleFile:?]
	... 15 more
Caused by: java.lang.IllegalStateException: ServiceLocatorImpl(__HK2_Generated_1,2,383846624) has been shut down
	at org.jvnet.hk2.internal.ServiceLocatorImpl.checkState(ServiceLocatorImpl.java:2288) ~[?:?]
	at org.jvnet.hk2.internal.ServiceLocatorImpl.getServiceHandleImpl(ServiceLocatorImpl.java:629) ~[?:?]
	at org.jvnet.hk2.internal.ServiceLocatorImpl.getServiceHandle(ServiceLocatorImpl.java:622) ~[?:?]
	at org.jvnet.hk2.internal.ServiceLocatorImpl.getServiceHandle(ServiceLocatorImpl.java:640) ~[?:?]
	at org.jvnet.hk2.internal.FactoryCreator.getFactoryHandle(FactoryCreator.java:103) ~[?:?]
	at org.jvnet.hk2.internal.FactoryCreator.dispose(FactoryCreator.java:173) ~[?:?]
	at org.jvnet.hk2.internal.SystemDescriptor.dispose(SystemDescriptor.java:526) ~[?:?]
	at org.glassfish.jersey.process.internal.RequestScope$Instance.remove(RequestScope.java:532) ~[?:?]
	at org.glassfish.jersey.process.internal.RequestScope$Instance.release(RequestScope.java:549) ~[?:?]
	at org.glassfish.jersey.process.internal.RequestScope.runInScope(RequestScope.java:319) ~[?:?]
	at org.glassfish.jersey.server.ServerRuntime.process(ServerRuntime.java:305) ~[?:?]
	at org.glassfish.jersey.server.ApplicationHandler.handle(ApplicationHandler.java:1154) ~[?:?]
	at org.glassfish.jersey.servlet.WebComponent.serviceImpl(WebComponent.java:473) ~[?:?]
	at org.glassfish.jersey.servlet.WebComponent.service(WebComponent.java:427) ~[?:?]
	at org.glassfish.jersey.servlet.ServletContainer.service(ServletContainer.java:388) ~[?:?]
	at org.glassfish.jersey.servlet.ServletContainer.service(ServletContainer.java:341) ~[?:?]
	at org.glassfish.jersey.servlet.ServletContainer.service(ServletContainer.java:228) ~[?:?]
	at com.eclipsesource.jaxrs.publisher.internal.ServletContainerBridge.service(ServletContainerBridge.java:76) ~[?:?]
	at org.eclipse.jetty.servlet.ServletHolder.handle(ServletHolder.java:852) ~[bundleFile:9.4.20.v20190813]
	at org.eclipse.jetty.servlet.ServletHandler.doHandle(ServletHandler.java:544) ~[bundleFile:9.4.20.v20190813]
	at org.ops4j.pax.web.service.jetty.internal.HttpServiceServletHandler.doHandle(HttpServiceServletHandler.java:71) ~[bundleFile:?]
	at org.eclipse.jetty.server.handler.ScopedHandler.handle(ScopedHandler.java:143) ~[bundleFile:9.4.20.v20190813]
	at org.eclipse.jetty.security.SecurityHandler.handle(SecurityHandler.java:536) ~[bundleFile:9.4.20.v20190813]
	at org.eclipse.jetty.server.handler.HandlerWrapper.handle(HandlerWrapper.java:127) ~[bundleFile:9.4.20.v20190813]
	at org.eclipse.jetty.server.handler.ScopedHandler.nextHandle(ScopedHandler.java:235) ~[bundleFile:9.4.20.v20190813]
	at org.eclipse.jetty.server.session.SessionHandler.doHandle(SessionHandler.java:1581) ~[bundleFile:9.4.20.v20190813]
	at org.eclipse.jetty.server.handler.ScopedHandler.nextHandle(ScopedHandler.java:233) ~[bundleFile:9.4.20.v20190813]
	at org.eclipse.jetty.server.handler.ContextHandler.doHandle(ContextHandler.java:1307) ~[bundleFile:9.4.20.v20190813]
	at org.ops4j.pax.web.service.jetty.internal.HttpServiceContext.doHandle(HttpServiceContext.java:293) ~[bundleFile:?]
	at org.eclipse.jetty.server.handler.ScopedHandler.nextScope(ScopedHandler.java:188) ~[bundleFile:9.4.20.v20190813]
	at org.eclipse.jetty.servlet.ServletHandler.doScope(ServletHandler.java:482) ~[bundleFile:9.4.20.v20190813]
	at org.eclipse.jetty.server.session.SessionHandler.doScope(SessionHandler.java:1549) ~[bundleFile:9.4.20.v20190813]
	at org.eclipse.jetty.server.handler.ScopedHandler.nextScope(ScopedHandler.java:186) ~[bundleFile:9.4.20.v20190813]
	at org.eclipse.jetty.server.handler.ContextHandler.doScope(ContextHandler.java:1204) ~[bundleFile:9.4.20.v20190813]
	at org.eclipse.jetty.server.handler.ScopedHandler.handle(ScopedHandler.java:141) ~[bundleFile:9.4.20.v20190813]
	at org.ops4j.pax.web.service.jetty.internal.JettyServerHandlerCollection.handle(JettyServerHandlerCollection.java:80) ~[bundleFile:?]
	... 15 more
2020-12-02 10:59:57.637 [INFO ] [openhab.ui.paper.internal.PaperUIApp] - Started Paper UI at /paperui
2020-12-02 11:59:27.102 [INFO ] [openhab.ui.paper.internal.PaperUIApp] - Stopped Paper UI
2020-12-02 11:59:27.137 [INFO ] [ebuilder.internal.HomeBuilderServlet] - Stopped Home Builder
2020-12-02 11:59:27.152 [INFO ] [panel.internal.HABPanelDashboardTile] - Stopped HABPanel
2020-12-02 11:59:27.194 [INFO ] [basic.internal.servlet.WebAppServlet] - Stopped Basic UI
2020-12-02 11:59:27.336 [INFO ] [.dashboard.internal.DashboardService] - Stopped Dashboard
